Using pre-set license
Built from '6000.0/staging' branch; Version is '6000.0.41f1 (46e447368a18) revision 4645959'; Using compiler version '193933523'; Build Type 'Release'
OS: 'Windows 11  (10.0.26100) 64bit Professional' Language: 'ko' Physical Memory: 32605 MB
BatchMode: 1, IsHumanControllingUs: 0, StartBugReporterOnCrash: 0, Is64bit: 1, IsPro: 1

COMMAND LINE ARGUMENTS:
C:\Unity Editor\6000.0.41f1\Editor\Unity.exe
-adb2
-batchMode
-noUpm
-name
AssetImportWorker0
-projectPath
D:/LionBootCampUnity/LionUnity_1945
-logFile
Logs/AssetImportWorker0.log
-srvPort
49737
-job-worker-count
7
-background-job-worker-count
8
-gc-helper-count
1
Successfully changed project path to: D:/LionBootCampUnity/LionUnity_1945
D:/LionBootCampUnity/LionUnity_1945
[UnityMemory] Configuration Parameters - Can be set up in boot.config
    "memorysetup-bucket-allocator-granularity=16"
    "memorysetup-bucket-allocator-bucket-count=8"
    "memorysetup-bucket-allocator-block-size=33554432"
    "memorysetup-bucket-allocator-block-count=8"
    "memorysetup-main-allocator-block-size=16777216"
    "memorysetup-thread-allocator-block-size=16777216"
    "memorysetup-gfx-main-allocator-block-size=16777216"
    "memorysetup-gfx-thread-allocator-block-size=16777216"
    "memorysetup-cache-allocator-block-size=4194304"
    "memorysetup-typetree-allocator-block-size=2097152"
    "memorysetup-profiler-bucket-allocator-granularity=16"
    "memorysetup-profiler-bucket-allocator-bucket-count=8"
    "memorysetup-profiler-bucket-allocator-block-size=33554432"
    "memorysetup-profiler-bucket-allocator-block-count=8"
    "memorysetup-profiler-allocator-block-size=16777216"
    "memorysetup-profiler-editor-allocator-block-size=1048576"
    "memorysetup-temp-allocator-size-main=16777216"
    "memorysetup-job-temp-allocator-block-size=2097152"
    "memorysetup-job-temp-allocator-block-size-background=1048576"
    "memorysetup-job-temp-allocator-reduction-small-platforms=262144"
    "memorysetup-allocator-temp-initial-block-size-main=262144"
    "memorysetup-allocator-temp-initial-block-size-worker=262144"
    "memorysetup-temp-allocator-size-background-worker=32768"
    "memorysetup-temp-allocator-size-job-worker=262144"
    "memorysetup-temp-allocator-size-preload-manager=33554432"
    "memorysetup-temp-allocator-size-nav-mesh-worker=65536"
    "memorysetup-temp-allocator-size-audio-worker=65536"
    "memorysetup-temp-allocator-size-cloud-worker=32768"
    "memorysetup-temp-allocator-size-gi-baking-worker=262144"
    "memorysetup-temp-allocator-size-gi-baking-worker=262144"
    "memorysetup-temp-allocator-size-gi-baking-worker=262144"
    "memorysetup-temp-allocator-size-gi-baking-worker=262144"
    "memorysetup-temp-allocator-size-gi-baking-worker=262144"
    "memorysetup-temp-allocator-size-gfx=262144"
Player connection [39552]  Target information:

Player connection [39552]  * "[IP] 192.168.55.65 [Port] 0 [Flags] 2 [Guid] 4084650866 [EditorId] 4084650866 [Version] 1048832 [Id] WindowsEditor(7,DESKTOP-SVRLSLB) [Debug] 1 [PackageName] WindowsEditor [ProjectName] Editor" 

Player connection [39552] Host joined multi-casting on [225.0.0.222:54997]...
Player connection [39552] Host joined alternative multi-casting on [225.0.0.222:34997]...
JobSystem: Creating JobQueue using job-worker-count value 7
Input System module state changed to: Initialized.
[Physics::Module] Initialized fallback backend.
[Physics::Module] Id: 0xdecafbad
Library Redirect Path: Library/
[Physics::Module] Selected backend.
[Physics::Module] Name: PhysX
[Physics::Module] Id: 0xf2b8ea05
[Physics::Module] SDK Version: 4.1.2
[Physics::Module] Integration Version: 1.0.0
[Physics::Module] Threading Mode: Multi-Threaded
Refreshing native plugins compatible for Editor in 3.82 ms, found 4 plugins.
Preloading 0 native plugins for Editor in 0.00 ms.
Initialize engine version: 6000.0.41f1 (46e447368a18)
[Subsystems] Discovering subsystems at path C:/Unity Editor/6000.0.41f1/Editor/Data/Resources/UnitySubsystems
[Subsystems] Discovering subsystems at path D:/LionBootCampUnity/LionUnity_1945/Assets
GfxDevice: creating device client; kGfxThreadingModeNonThreaded
Direct3D:
    Version:  Direct3D 11.0 [level 11.1]
    Renderer: NVIDIA GeForce RTX 3070 (ID=0x2488)
    Vendor:   NVIDIA
    VRAM:     8018 MB
    Driver:   32.0.15.7270
Initialize mono
Mono path[0] = 'C:/Unity Editor/6000.0.41f1/Editor/Data/Managed'
Mono path[1] = 'C:/Unity Editor/6000.0.41f1/Editor/Data/MonoBleedingEdge/lib/mono/unityjit-win32'
Mono config path = 'C:/Unity Editor/6000.0.41f1/Editor/Data/MonoBleedingEdge/etc'
Using monoOptions --debugger-agent=transport=dt_socket,embedding=1,server=y,suspend=n,address=127.0.0.1:56824
Begin MonoManager ReloadAssembly
Registering precompiled unity dll's ...
Register platform support module: C:/Unity Editor/6000.0.41f1/Editor/Data/PlaybackEngines/WindowsStandaloneSupport/UnityEditor.WindowsStandalone.Extensions.dll
Register platform support module: C:/Unity Editor/6000.0.41f1/Editor/Data/PlaybackEngines/AndroidPlayer/UnityEditor.Android.Extensions.dll
Registered in 0.010062 seconds.
- Loaded All Assemblies, in  0.582 seconds
Native extension for Android target not found
Android Extension - Scanning For ADB Devices 558 ms
Native extension for WindowsStandalone target not found
Mono: successfully reloaded assembly
- Finished resetting the current domain, in  1.008 seconds
Domain Reload Profiling: 1580ms
	BeginReloadAssembly (218ms)
		ExecutionOrderSort (0ms)
		DisableScriptedObjects (0ms)
		BackupInstance (0ms)
		ReleaseScriptingObjects (0ms)
		CreateAndSetChildDomain (1ms)
	RebuildCommonClasses (51ms)
	RebuildNativeTypeToScriptingClass (15ms)
	initialDomainReloadingComplete (79ms)
	LoadAllAssembliesAndSetupDomain (208ms)
		LoadAssemblies (208ms)
		RebuildTransferFunctionScriptingTraits (0ms)
		AnalyzeDomain (204ms)
			TypeCache.Refresh (201ms)
				TypeCache.ScanAssembly (183ms)
			BuildScriptInfoCaches (0ms)
			ResolveRequiredComponents (1ms)
	FinalizeReload (1009ms)
		ReleaseScriptCaches (0ms)
		RebuildScriptCaches (0ms)
		SetupLoadedEditorAssemblies (957ms)
			LogAssemblyErrors (0ms)
			InitializePlatformSupportModulesInManaged (669ms)
			SetLoadedEditorAssemblies (5ms)
			BeforeProcessingInitializeOnLoad (67ms)
			ProcessInitializeOnLoadAttributes (135ms)
			ProcessInitializeOnLoadMethodAttributes (82ms)
			AfterProcessingInitializeOnLoad (0ms)
			EditorAssembliesLoaded (0ms)
		ExecutionOrderSort2 (0ms)
		AwakeInstancesAfterBackupRestoration (0ms)
========================================================================
Worker process is ready to serve import requests
Import Worker Mode flag is 0x00
Begin MonoManager ReloadAssembly
- Loaded All Assemblies, in  1.025 seconds
Refreshing native plugins compatible for Editor in 2.72 ms, found 4 plugins.
Native extension for Android target not found
Native extension for WindowsStandalone target not found
Mono: successfully reloaded assembly
- Finished resetting the current domain, in  0.883 seconds
Domain Reload Profiling: 1897ms
	BeginReloadAssembly (271ms)
		ExecutionOrderSort (0ms)
		DisableScriptedObjects (9ms)
		BackupInstance (0ms)
		ReleaseScriptingObjects (0ms)
		CreateAndSetChildDomain (32ms)
	RebuildCommonClasses (47ms)
	RebuildNativeTypeToScriptingClass (15ms)
	initialDomainReloadingComplete (61ms)
	LoadAllAssembliesAndSetupDomain (620ms)
		LoadAssemblies (545ms)
		RebuildTransferFunctionScriptingTraits (0ms)
		AnalyzeDomain (254ms)
			TypeCache.Refresh (200ms)
				TypeCache.ScanAssembly (180ms)
			BuildScriptInfoCaches (44ms)
			ResolveRequiredComponents (6ms)
	FinalizeReload (883ms)
		ReleaseScriptCaches (0ms)
		RebuildScriptCaches (0ms)
		SetupLoadedEditorAssemblies (741ms)
			LogAssemblyErrors (0ms)
			InitializePlatformSupportModulesInManaged (16ms)
			SetLoadedEditorAssemblies (7ms)
			BeforeProcessingInitializeOnLoad (183ms)
			ProcessInitializeOnLoadAttributes (460ms)
			ProcessInitializeOnLoadMethodAttributes (57ms)
			AfterProcessingInitializeOnLoad (18ms)
			EditorAssembliesLoaded (0ms)
		ExecutionOrderSort2 (0ms)
		AwakeInstancesAfterBackupRestoration (20ms)
Launched and connected shader compiler UnityShaderCompiler.exe after 0.02 seconds
Refreshing native plugins compatible for Editor in 3.47 ms, found 4 plugins.
Preloading 0 native plugins for Editor in 0.00 ms.
Unloading 14 Unused Serialized files (Serialized files now loaded: 0)
Unloading 4735 unused Assets / (1.9 MB). Loaded Objects now: 5215.
Memory consumption went from 95.7 MB to 93.7 MB.
Total: 11.515100 ms (FindLiveObjects: 0.519400 ms CreateObjectMapping: 0.818600 ms MarkObjects: 7.349300 ms  DeleteObjects: 2.826300 ms)

========================================================================
Received Import Request.
  Time since last request: 23471.513962 seconds.
  path: Assets/Prefabs/Item_Power.prefab
  artifactKey: Guid(19b1f94e3f4676444972179375bf42d2) Importer(815301076,1909f56bfc062723c751e8b465ee728b)
Start importing Assets/Prefabs/Item_Power.prefab using Guid(19b1f94e3f4676444972179375bf42d2) Importer(815301076,1909f56bfc062723c751e8b465ee728b) (PreviewImporter) -> (artifact id: '58aa0221f6c2eeed285f5739495b8e0f') in 0.1253627 seconds
Number of updated asset objects reloaded before import = 0Number of asset objects unloaded after import = 21

========================================================================
Received Import Request.
  Time since last request: 389.844561 seconds.
  path: ProjectSettings/TagManager.asset
  artifactKey: Guid(00000000000000003000000000000000) Importer(815301076,1909f56bfc062723c751e8b465ee728b)
Start importing ProjectSettings/TagManager.asset using Guid(00000000000000003000000000000000) Importer(815301076,1909f56bfc062723c751e8b465ee728b) (PreviewImporter) -> (artifact id: 'be09f2ddbe212c56907233aba085a71d') in 0.0018609 seconds
Number of updated asset objects reloaded before import = 0Number of asset objects unloaded after import = 0

========================================================================
Received Import Request.
  Time since last request: 24.563165 seconds.
  path: Assets/Prefabs/Item_Power.prefab
  artifactKey: Guid(19b1f94e3f4676444972179375bf42d2) Importer(815301076,1909f56bfc062723c751e8b465ee728b)
Start importing Assets/Prefabs/Item_Power.prefab using Guid(19b1f94e3f4676444972179375bf42d2) Importer(815301076,1909f56bfc062723c751e8b465ee728b) (PreviewImporter) -> (artifact id: '3a8d63fbfa0540fbf8cd27952005c269') in 0.0122482 seconds
Number of updated asset objects reloaded before import = 0Number of asset objects unloaded after import = 21

========================================================================
Received Import Request.
  Time since last request: 11.023787 seconds.
  path: Assets/InputSystem_Actions.inputactions
  artifactKey: Guid(3590b91b4603b465dbb4216d601bff33) Importer(2089858483,192608db42251d675da83286b1cce702)
Start importing Assets/InputSystem_Actions.inputactions using Guid(3590b91b4603b465dbb4216d601bff33) Importer(2089858483,192608db42251d675da83286b1cce702) (ScriptedImporter) -> (artifact id: '65965752de2d8828db0708ea6547d0d3') in 0.4525754 seconds
Number of updated asset objects reloaded before import = 0Number of asset objects unloaded after import = 21

========================================================================
Received Import Request.
  Time since last request: 0.000036 seconds.
  path: Assets/Images/Stage/Bullet/fire_lazer - 복사본 - 복사본.bmp
  artifactKey: Guid(53bc83381a5e4f943a434f1cca0c1f9c) Importer(2089858483,192608db42251d675da83286b1cce702)
Start importing Assets/Images/Stage/Bullet/fire_lazer - 복사본 - 복사본.bmp using Guid(53bc83381a5e4f943a434f1cca0c1f9c) Importer(2089858483,192608db42251d675da83286b1cce702) (ScriptedImporter) -> (artifact id: '84230a5838bc93d7a1c639b8eeac3a68') in 0.1378432 seconds
Number of updated asset objects reloaded before import = 0Number of asset objects unloaded after import = 3

========================================================================
Received Import Request.
  Time since last request: 0.000059 seconds.
  path: Assets/Images/Stage/Monster/Boat_Posin3.bmp
  artifactKey: Guid(2932d9930502da0488e8affebbba9c34) Importer(2089858483,192608db42251d675da83286b1cce702)
Start importing Assets/Images/Stage/Monster/Boat_Posin3.bmp using Guid(2932d9930502da0488e8affebbba9c34) Importer(2089858483,192608db42251d675da83286b1cce702) (ScriptedImporter) -> (artifact id: '7b4f7f8c02e1ba829b8233286408a1a9') in 0.0365317 seconds
Number of updated asset objects reloaded before import = 0Number of asset objects unloaded after import = 3

========================================================================
Received Import Request.
  Time since last request: 0.000086 seconds.
  path: Assets/Images/Sound/Stage1.wav
  artifactKey: Guid(ef09b9badcdfc38499093145c1df8e67) Importer(2089858483,192608db42251d675da83286b1cce702)
Start importing Assets/Images/Sound/Stage1.wav using Guid(ef09b9badcdfc38499093145c1df8e67) Importer(2089858483,192608db42251d675da83286b1cce702) (ScriptedImporter) -> (artifact id: 'bcb494ced982b79927a93dd58c66bc37') in 0.0869223 seconds
Number of updated asset objects reloaded before import = 0Number of asset objects unloaded after import = 1

========================================================================
Received Import Request.
  Time since last request: 0.000129 seconds.
  path: Assets/Images/Stage/Effect/Effect_1.bmp
  artifactKey: Guid(e06a768335811014e982af0a4a160d8f) Importer(2089858483,192608db42251d675da83286b1cce702)
Start importing Assets/Images/Stage/Effect/Effect_1.bmp using Guid(e06a768335811014e982af0a4a160d8f) Importer(2089858483,192608db42251d675da83286b1cce702) (ScriptedImporter) -> (artifact id: 'cb51484c7b2ed713604171d6379b5757') in 0.0364316 seconds
Number of updated asset objects reloaded before import = 0Number of asset objects unloaded after import = 3

========================================================================
Received Import Request.
  Time since last request: 0.000041 seconds.
  path: Assets/Images/Stage/Bullet/BMBullet_Straight.bmp
  artifactKey: Guid(a114ff858ed33174baaea3c374b9e1c2) Importer(2089858483,192608db42251d675da83286b1cce702)
Start importing Assets/Images/Stage/Bullet/BMBullet_Straight.bmp using Guid(a114ff858ed33174baaea3c374b9e1c2) Importer(2089858483,192608db42251d675da83286b1cce702) (ScriptedImporter) -> (artifact id: '5fa2dec4573cac8b8aa9830791fcbdf1') in 0.0356153 seconds
Number of updated asset objects reloaded before import = 0Number of asset objects unloaded after import = 3

========================================================================
Received Import Request.
  Time since last request: 0.000025 seconds.
  path: Assets/Images/Stage/Effect/Effect_7.bmp
  artifactKey: Guid(1bc57fe312bf1824c8726527891e80d4) Importer(2089858483,192608db42251d675da83286b1cce702)
Start importing Assets/Images/Stage/Effect/Effect_7.bmp using Guid(1bc57fe312bf1824c8726527891e80d4) Importer(2089858483,192608db42251d675da83286b1cce702) (ScriptedImporter) -> (artifact id: '682def360003a1cfc510467e83576178') in 0.0354192 seconds
Number of updated asset objects reloaded before import = 0Number of asset objects unloaded after import = 3

========================================================================
Received Import Request.
  Time since last request: 0.000041 seconds.
  path: Assets/Images/Stage/Monster/BossBoat_Posin9.bmp
  artifactKey: Guid(993d9a019abe47a4e9aba491ef95d05a) Importer(2089858483,192608db42251d675da83286b1cce702)
Start importing Assets/Images/Stage/Monster/BossBoat_Posin9.bmp using Guid(993d9a019abe47a4e9aba491ef95d05a) Importer(2089858483,192608db42251d675da83286b1cce702) (ScriptedImporter) -> (artifact id: '95e91da1868287096b96b63883b58e24') in 0.0404511 seconds
Number of updated asset objects reloaded before import = 0Number of asset objects unloaded after import = 3

========================================================================
Received Import Request.
  Time since last request: 0.000069 seconds.
  path: Assets/Material/Stage1.mat
  artifactKey: Guid(5038f04cdb326944789d0eca014a0c0a) Importer(2089858483,192608db42251d675da83286b1cce702)
Start importing Assets/Material/Stage1.mat using Guid(5038f04cdb326944789d0eca014a0c0a) Importer(2089858483,192608db42251d675da83286b1cce702) (ScriptedImporter) -> (artifact id: '4e0ca1c2c330120e53629d19617e3e2d') in 0.0786661 seconds
Number of updated asset objects reloaded before import = 0Number of asset objects unloaded after import = 2

========================================================================
Received Import Request.
  Time since last request: 0.000042 seconds.
  path: Assets/Images/Stage/Bullet/fire_lazer - 복사본.bmp
  artifactKey: Guid(6d0a7f67cf8228d46bd2238b24ec4035) Importer(2089858483,192608db42251d675da83286b1cce702)
Start importing Assets/Images/Stage/Bullet/fire_lazer - 복사본.bmp using Guid(6d0a7f67cf8228d46bd2238b24ec4035) Importer(2089858483,192608db42251d675da83286b1cce702) (ScriptedImporter) -> (artifact id: '3f75452af4975167e3dbbeba5d71388c') in 0.0583602 seconds
Number of updated asset objects reloaded before import = 0Number of asset objects unloaded after import = 3

========================================================================
Received Import Request.
  Time since last request: 0.000210 seconds.
  path: Assets/Images/Stage/Bullet/MBasic_Bullet2 - 복사본 (3).bmp
  artifactKey: Guid(3bd60d66d243c294bba1c0a485d6ac19) Importer(2089858483,192608db42251d675da83286b1cce702)
Start importing Assets/Images/Stage/Bullet/MBasic_Bullet2 - 복사본 (3).bmp using Guid(3bd60d66d243c294bba1c0a485d6ac19) Importer(2089858483,192608db42251d675da83286b1cce702) (ScriptedImporter) -> (artifact id: 'c58f68f19c466528f51f75be8adf6c48') in 0.0583024 seconds
Number of updated asset objects reloaded before import = 0Number of asset objects unloaded after import = 3

========================================================================
Received Import Request.
  Time since last request: 0.000111 seconds.
  path: Assets/Images/Stage/Effect/Effect_Crash.bmp
  artifactKey: Guid(51b12a8b32a741247938c07cbbb9ccbd) Importer(2089858483,192608db42251d675da83286b1cce702)
Start importing Assets/Images/Stage/Effect/Effect_Crash.bmp using Guid(51b12a8b32a741247938c07cbbb9ccbd) Importer(2089858483,192608db42251d675da83286b1cce702) (ScriptedImporter) -> (artifact id: 'ea57314f94917a931111b60fb320fb6b') in 0.0476295 seconds
Number of updated asset objects reloaded before import = 0Number of asset objects unloaded after import = 3

========================================================================
Received Import Request.
  Time since last request: 0.000028 seconds.
  path: Assets/Images/Stage/Monster/Monster_5_right.bmp
  artifactKey: Guid(e37a5e64bee303043835fdaaa074651b) Importer(2089858483,192608db42251d675da83286b1cce702)
Start importing Assets/Images/Stage/Monster/Monster_5_right.bmp using Guid(e37a5e64bee303043835fdaaa074651b) Importer(2089858483,192608db42251d675da83286b1cce702) (ScriptedImporter) -> (artifact id: '71c346246db5cc062ea8b7d39d7edac3') in 0.0331122 seconds
Number of updated asset objects reloaded before import = 0Number of asset objects unloaded after import = 3

========================================================================
Received Import Request.
  Time since last request: 0.000059 seconds.
  path: Assets/Images/Stage/Monster/fish2.bmp
  artifactKey: Guid(6696972ee0e135d44812850f75e9f613) Importer(2089858483,192608db42251d675da83286b1cce702)
Start importing Assets/Images/Stage/Monster/fish2.bmp using Guid(6696972ee0e135d44812850f75e9f613) Importer(2089858483,192608db42251d675da83286b1cce702) (ScriptedImporter) -> (artifact id: 'b91881c311058566c2c831c5920dfe47') in 0.0335729 seconds
Number of updated asset objects reloaded before import = 0Number of asset objects unloaded after import = 3

========================================================================
Received Import Request.
  Time since last request: 0.000100 seconds.
  path: Assets/Images/Stage/Effect/Effect_4.BMP
  artifactKey: Guid(cbbf6124575f2a941854f74b6740930e) Importer(2089858483,192608db42251d675da83286b1cce702)
Start importing Assets/Images/Stage/Effect/Effect_4.BMP using Guid(cbbf6124575f2a941854f74b6740930e) Importer(2089858483,192608db42251d675da83286b1cce702) (ScriptedImporter) -> (artifact id: '44c2aa65d7d345020c53b355788d56f2') in 0.03823 seconds
Number of updated asset objects reloaded before import = 0Number of asset objects unloaded after import = 3

========================================================================
Received Import Request.
  Time since last request: 0.000028 seconds.
  path: Assets/Images/Sound/Item.wav
  artifactKey: Guid(347f1f4bb93d2fd418fd4161178064b8) Importer(2089858483,192608db42251d675da83286b1cce702)
Start importing Assets/Images/Sound/Item.wav using Guid(347f1f4bb93d2fd418fd4161178064b8) Importer(2089858483,192608db42251d675da83286b1cce702) (ScriptedImporter) -> (artifact id: '8fadece6a54cc9522243fa8212e254a0') in 0.0457124 seconds
Number of updated asset objects reloaded before import = 0Number of asset objects unloaded after import = 1

========================================================================
Received Import Request.
  Time since last request: 0.000087 seconds.
  path: Assets/Scenes/SampleScene.unity
  artifactKey: Guid(2cda990e2423bbf4892e6590ba056729) Importer(2089858483,192608db42251d675da83286b1cce702)
Start importing Assets/Scenes/SampleScene.unity using Guid(2cda990e2423bbf4892e6590ba056729) Importer(2089858483,192608db42251d675da83286b1cce702) (ScriptedImporter) -> (artifact id: '0a61610b1f6d509db9f6b438011c8666') in 0.0176411 seconds
Number of updated asset objects reloaded before import = 0Number of asset objects unloaded after import = 1

========================================================================
Received Import Request.
  Time since last request: 0.000114 seconds.
  path: Assets/Images/Stage/Item/Item_Power_0.controller
  artifactKey: Guid(8bba69cd359b80e4992bf3a3f9982165) Importer(2089858483,192608db42251d675da83286b1cce702)
Start importing Assets/Images/Stage/Item/Item_Power_0.controller using Guid(8bba69cd359b80e4992bf3a3f9982165) Importer(2089858483,192608db42251d675da83286b1cce702) (ScriptedImporter) -> (artifact id: '59ae652256a7926e798db7901886e670') in 0.015151 seconds
Number of updated asset objects reloaded before import = 0Number of asset objects unloaded after import = 4

========================================================================
Received Import Request.
  Time since last request: 0.000020 seconds.
  path: Assets/Images/Stage/Effect/Effect_6.bmp
  artifactKey: Guid(e4dbaf9ffcd779042b4cd92996354166) Importer(2089858483,192608db42251d675da83286b1cce702)
Start importing Assets/Images/Stage/Effect/Effect_6.bmp using Guid(e4dbaf9ffcd779042b4cd92996354166) Importer(2089858483,192608db42251d675da83286b1cce702) (ScriptedImporter) -> (artifact id: '347e94243a66a3527f10d11ad5f921f1') in 0.071932 seconds
Number of updated asset objects reloaded before import = 0Number of asset objects unloaded after import = 3

========================================================================
Received Import Request.
  Time since last request: 0.000066 seconds.
  path: Assets/Images/Stage/Monster/BossBoat.bmp
  artifactKey: Guid(3711a634e1dab3c47b24129150978de2) Importer(2089858483,192608db42251d675da83286b1cce702)
Start importing Assets/Images/Stage/Monster/BossBoat.bmp using Guid(3711a634e1dab3c47b24129150978de2) Importer(2089858483,192608db42251d675da83286b1cce702) (ScriptedImporter) -> (artifact id: '0a9c486859c18fe3cdb87579bba3e3ca') in 0.0379661 seconds
Number of updated asset objects reloaded before import = 0Number of asset objects unloaded after import = 3

========================================================================
Received Import Request.
  Time since last request: 0.000019 seconds.
  path: Assets/Images/Stage/Bullet/Magic_Elec2 - 복사본.bmp
  artifactKey: Guid(9b19e6db565c7a34bb82e91296b6c2bf) Importer(2089858483,192608db42251d675da83286b1cce702)
Start importing Assets/Images/Stage/Bullet/Magic_Elec2 - 복사본.bmp using Guid(9b19e6db565c7a34bb82e91296b6c2bf) Importer(2089858483,192608db42251d675da83286b1cce702) (ScriptedImporter) -> (artifact id: '518739b82b7f267b674fe7d74505b402') in 0.206938 seconds
Number of updated asset objects reloaded before import = 0Number of asset objects unloaded after import = 3

========================================================================
Received Import Request.
  Time since last request: 0.000030 seconds.
  path: Assets/Images/Stage/Player/Player_left.anim
  artifactKey: Guid(f4cbf93d18c56ef4d9df134578fc6a5f) Importer(2089858483,192608db42251d675da83286b1cce702)
Start importing Assets/Images/Stage/Player/Player_left.anim using Guid(f4cbf93d18c56ef4d9df134578fc6a5f) Importer(2089858483,192608db42251d675da83286b1cce702) (ScriptedImporter) -> (artifact id: 'd462e472d88b82ee7a62f4520ab3cd69') in 0.0252582 seconds
Number of updated asset objects reloaded before import = 0Number of asset objects unloaded after import = 1

========================================================================
Received Import Request.
  Time since last request: 0.000107 seconds.
  path: Assets/Images/Stage/Player/Player_up.anim
  artifactKey: Guid(fd45b521303a5bf4a90260c305078591) Importer(2089858483,192608db42251d675da83286b1cce702)
Start importing Assets/Images/Stage/Player/Player_up.anim using Guid(fd45b521303a5bf4a90260c305078591) Importer(2089858483,192608db42251d675da83286b1cce702) (ScriptedImporter) -> (artifact id: 'cce30a06ff7c49f759135ff57d266708') in 0.0173878 seconds
Number of updated asset objects reloaded before import = 0Number of asset objects unloaded after import = 1

========================================================================
Received Import Request.
  Time since last request: 0.000095 seconds.
  path: Assets/Images/Stage/StageBack/StageBack.bmp
  artifactKey: Guid(ad5b8126645149240810b3a9df8bb0e5) Importer(2089858483,192608db42251d675da83286b1cce702)
Start importing Assets/Images/Stage/StageBack/StageBack.bmp using Guid(ad5b8126645149240810b3a9df8bb0e5) Importer(2089858483,192608db42251d675da83286b1cce702) (ScriptedImporter) -> (artifact id: '79df1aabe6ee3877331949a17e481387') in 0.0378747 seconds
Number of updated asset objects reloaded before import = 0Number of asset objects unloaded after import = 3

========================================================================
Received Import Request.
  Time since last request: 0.000019 seconds.
  path: Assets/Images/Stage/Player/Player_up - 복사본.bmp
  artifactKey: Guid(872dd5b9ec34a7a41b69c2d302ce68d7) Importer(2089858483,192608db42251d675da83286b1cce702)
Start importing Assets/Images/Stage/Player/Player_up - 복사본.bmp using Guid(872dd5b9ec34a7a41b69c2d302ce68d7) Importer(2089858483,192608db42251d675da83286b1cce702) (ScriptedImporter) -> (artifact id: 'f0e6c09b7a0c566d766d7a4ecc192415') in 0.0329426 seconds
Number of updated asset objects reloaded before import = 0Number of asset objects unloaded after import = 3

========================================================================
Received Import Request.
  Time since last request: 0.000069 seconds.
  path: Assets/Images/Stage/Monster/Monster_6_right.bmp
  artifactKey: Guid(af7324a4b7513a148a716024e3581545) Importer(2089858483,192608db42251d675da83286b1cce702)
Start importing Assets/Images/Stage/Monster/Monster_6_right.bmp using Guid(af7324a4b7513a148a716024e3581545) Importer(2089858483,192608db42251d675da83286b1cce702) (ScriptedImporter) -> (artifact id: '313b8c95d5ed8786c3fc27fdbfbfed23') in 0.0365706 seconds
Number of updated asset objects reloaded before import = 0Number of asset objects unloaded after import = 3

========================================================================
Received Import Request.
  Time since last request: 0.000142 seconds.
  path: Assets/Images/Stage/Effect/Effect_7 - 복사본.bmp
  artifactKey: Guid(80a476997864c40438f39157771c0736) Importer(2089858483,192608db42251d675da83286b1cce702)
Start importing Assets/Images/Stage/Effect/Effect_7 - 복사본.bmp using Guid(80a476997864c40438f39157771c0736) Importer(2089858483,192608db42251d675da83286b1cce702) (ScriptedImporter) -> (artifact id: 'dd6a632165d9f2ea89fa7ff7e6a3aba1') in 0.033483 seconds
Number of updated asset objects reloaded before import = 0Number of asset objects unloaded after import = 3

========================================================================
Received Import Request.
  Time since last request: 0.000250 seconds.
  path: Assets/Images/Stage/Player/Move_TB_A.bmp
  artifactKey: Guid(29ef3f888bc79184e9d6c53b98e52dd4) Importer(2089858483,192608db42251d675da83286b1cce702)
Start importing Assets/Images/Stage/Player/Move_TB_A.bmp using Guid(29ef3f888bc79184e9d6c53b98e52dd4) Importer(2089858483,192608db42251d675da83286b1cce702) (ScriptedImporter) -> (artifact id: 'ddbd6482dfe913d0479aee21b4111c74') in 0.0289528 seconds
Number of updated asset objects reloaded before import = 0Number of asset objects unloaded after import = 3

========================================================================
Received Import Request.
  Time since last request: 0.000044 seconds.
  path: Assets/Images/Stage/Player/Player_right.png
  artifactKey: Guid(e874b4232e6b6df42b8a5fd9331756c3) Importer(2089858483,192608db42251d675da83286b1cce702)
Start importing Assets/Images/Stage/Player/Player_right.png using Guid(e874b4232e6b6df42b8a5fd9331756c3) Importer(2089858483,192608db42251d675da83286b1cce702) (ScriptedImporter) -> (artifact id: '41d819cc4375a5f5be5ccae80ab456f6') in 0.0412116 seconds
Number of updated asset objects reloaded before import = 0Number of asset objects unloaded after import = 4

========================================================================
Received Import Request.
  Time since last request: 0.000067 seconds.
  path: Assets/Images/Stage/Monster/Boss_right.bmp
  artifactKey: Guid(29603d374eb2ef44caa25e49add760d9) Importer(2089858483,192608db42251d675da83286b1cce702)
Start importing Assets/Images/Stage/Monster/Boss_right.bmp using Guid(29603d374eb2ef44caa25e49add760d9) Importer(2089858483,192608db42251d675da83286b1cce702) (ScriptedImporter) -> (artifact id: '82def1ac78242dcfc6a264ba34f973c8') in 0.0272521 seconds
Number of updated asset objects reloaded before import = 0Number of asset objects unloaded after import = 3

========================================================================
Received Import Request.
  Time since last request: 0.000072 seconds.
  path: Assets/Images/Stage/logo/character.bmp
  artifactKey: Guid(3826b7c591df52943aa370353fe75f66) Importer(2089858483,192608db42251d675da83286b1cce702)
Start importing Assets/Images/Stage/logo/character.bmp using Guid(3826b7c591df52943aa370353fe75f66) Importer(2089858483,192608db42251d675da83286b1cce702) (ScriptedImporter) -> (artifact id: 'd75c78bb51ed8b6a4c2cb672d7572e6a') in 0.0371669 seconds
Number of updated asset objects reloaded before import = 0Number of asset objects unloaded after import = 3

========================================================================
Received Import Request.
  Time since last request: 0.000068 seconds.
  path: Assets/Images/Stage/Monster/Boat_Posin5.bmp
  artifactKey: Guid(161d12cef7c785f4cb773b711a3b6ba3) Importer(2089858483,192608db42251d675da83286b1cce702)
Start importing Assets/Images/Stage/Monster/Boat_Posin5.bmp using Guid(161d12cef7c785f4cb773b711a3b6ba3) Importer(2089858483,192608db42251d675da83286b1cce702) (ScriptedImporter) -> (artifact id: 'f4064215acdadc7d4362f2545bc9d9e2') in 0.0305222 seconds
Number of updated asset objects reloaded before import = 0Number of asset objects unloaded after import = 3

========================================================================
Received Import Request.
  Time since last request: 0.000052 seconds.
  path: Assets/Images/Stage/Monster/Boss_right2.bmp
  artifactKey: Guid(e27caefb38991f147a61993e87f8ad7e) Importer(2089858483,192608db42251d675da83286b1cce702)
Start importing Assets/Images/Stage/Monster/Boss_right2.bmp using Guid(e27caefb38991f147a61993e87f8ad7e) Importer(2089858483,192608db42251d675da83286b1cce702) (ScriptedImporter) -> (artifact id: '395be51d020cff84b4babc95ed2283bf') in 0.0292854 seconds
Number of updated asset objects reloaded before import = 0Number of asset objects unloaded after import = 3

========================================================================
Received Import Request.
  Time since last request: 0.000018 seconds.
  path: Assets/Images/Stage/Player/Player_0.controller
  artifactKey: Guid(94134447ac024ea4fab6be27dae5ddf7) Importer(2089858483,192608db42251d675da83286b1cce702)
Start importing Assets/Images/Stage/Player/Player_0.controller using Guid(94134447ac024ea4fab6be27dae5ddf7) Importer(2089858483,192608db42251d675da83286b1cce702) (ScriptedImporter) -> (artifact id: '492670af088ad548cb815e16759148d4') in 0.0173021 seconds
Number of updated asset objects reloaded before import = 0Number of asset objects unloaded after import = 16

========================================================================
Received Import Request.
  Time since last request: 0.000021 seconds.
  path: Assets/Images/Stage/Bullet/Bullet_Eg_d.bmp
  artifactKey: Guid(7c2d615063650c04d99c824b4cd6fb7e) Importer(2089858483,192608db42251d675da83286b1cce702)
Start importing Assets/Images/Stage/Bullet/Bullet_Eg_d.bmp using Guid(7c2d615063650c04d99c824b4cd6fb7e) Importer(2089858483,192608db42251d675da83286b1cce702) (ScriptedImporter) -> (artifact id: '88b816d31480d77d1fcc3a5b11cfc6ba') in 0.0274919 seconds
Number of updated asset objects reloaded before import = 0Number of asset objects unloaded after import = 3

========================================================================
Received Import Request.
  Time since last request: 0.000188 seconds.
  path: Assets/Images/Stage/Monster/BossBoat_Posin7.bmp
  artifactKey: Guid(c5b3a22f8e9e92a4f85553f82bfd7be7) Importer(2089858483,192608db42251d675da83286b1cce702)
Start importing Assets/Images/Stage/Monster/BossBoat_Posin7.bmp using Guid(c5b3a22f8e9e92a4f85553f82bfd7be7) Importer(2089858483,192608db42251d675da83286b1cce702) (ScriptedImporter) -> (artifact id: 'f2be78eab7b99d27d7e6f29d825aaa45') in 0.034138 seconds
Number of updated asset objects reloaded before import = 0Number of asset objects unloaded after import = 3

========================================================================
Received Import Request.
  Time since last request: 0.000188 seconds.
  path: Assets/Images/Stage/Monster/Monster_3.bmp
  artifactKey: Guid(a26c552dd211d5b4db1139a75420cae9) Importer(2089858483,192608db42251d675da83286b1cce702)
Start importing Assets/Images/Stage/Monster/Monster_3.bmp using Guid(a26c552dd211d5b4db1139a75420cae9) Importer(2089858483,192608db42251d675da83286b1cce702) (ScriptedImporter) -> (artifact id: '2eb2cf049bcfc0b633dad14fdc809db8') in 0.0341407 seconds
Number of updated asset objects reloaded before import = 0Number of asset objects unloaded after import = 3

========================================================================
Received Import Request.
  Time since last request: 0.000035 seconds.
  path: Assets/Images/Stage/UI/Energy_bar5.bmp
  artifactKey: Guid(eb59d00f0f921a049b95c49f26580263) Importer(2089858483,192608db42251d675da83286b1cce702)
Start importing Assets/Images/Stage/UI/Energy_bar5.bmp using Guid(eb59d00f0f921a049b95c49f26580263) Importer(2089858483,192608db42251d675da83286b1cce702) (ScriptedImporter) -> (artifact id: '157b79ce32dc1f8192268d9934257869') in 0.0317866 seconds
Number of updated asset objects reloaded before import = 0Number of asset objects unloaded after import = 3

========================================================================
Received Import Request.
  Time since last request: 0.000024 seconds.
  path: Assets/Images/Stage/UI/Energy.bmp
  artifactKey: Guid(429e63bb3f9524d4997faf4dc24013fe) Importer(2089858483,192608db42251d675da83286b1cce702)
Start importing Assets/Images/Stage/UI/Energy.bmp using Guid(429e63bb3f9524d4997faf4dc24013fe) Importer(2089858483,192608db42251d675da83286b1cce702) (ScriptedImporter) -> (artifact id: '541d622a11c32a8f72044f592bcba67c') in 0.0544958 seconds
Number of updated asset objects reloaded before import = 0Number of asset objects unloaded after import = 3

========================================================================
Received Import Request.
  Time since last request: 0.000019 seconds.
  path: Assets/Images/Stage/UI/Energy_bar4.bmp
  artifactKey: Guid(f29503acac66def45b9680e908447f76) Importer(2089858483,192608db42251d675da83286b1cce702)
Start importing Assets/Images/Stage/UI/Energy_bar4.bmp using Guid(f29503acac66def45b9680e908447f76) Importer(2089858483,192608db42251d675da83286b1cce702) (ScriptedImporter) -> (artifact id: '6d01c523874b84ae81db32d87c7b2061') in 0.0353574 seconds
Number of updated asset objects reloaded before import = 0Number of asset objects unloaded after import = 3

========================================================================
Received Import Request.
  Time since last request: 0.000029 seconds.
  path: Assets/Images/Stage/UI/Energy_bar - 복사본.bmp
  artifactKey: Guid(bb6d3b980d6bf7640a7c566ca7f940da) Importer(2089858483,192608db42251d675da83286b1cce702)
Start importing Assets/Images/Stage/UI/Energy_bar - 복사본.bmp using Guid(bb6d3b980d6bf7640a7c566ca7f940da) Importer(2089858483,192608db42251d675da83286b1cce702) (ScriptedImporter) -> (artifact id: 'fce0d84f2ed46278a3c3984bbe304310') in 0.031517 seconds
Number of updated asset objects reloaded before import = 0Number of asset objects unloaded after import = 3

========================================================================
Received Import Request.
  Time since last request: 0.000049 seconds.
  path: Assets/Images/Stage/UI/StageLogo.bmp
  artifactKey: Guid(ea0d0482044f536488aa3cb70d774e3b) Importer(2089858483,192608db42251d675da83286b1cce702)
Start importing Assets/Images/Stage/UI/StageLogo.bmp using Guid(ea0d0482044f536488aa3cb70d774e3b) Importer(2089858483,192608db42251d675da83286b1cce702) (ScriptedImporter) -> (artifact id: 'bf154eeb0b76f80963d8afbe307a4a2e') in 0.037557 seconds
Number of updated asset objects reloaded before import = 0Number of asset objects unloaded after import = 3

========================================================================
Received Import Request.
  Time since last request: 0.000022 seconds.
  path: Assets/Images/Stage/UI/Energy_bar1.bmp
  artifactKey: Guid(e8deb6f5cb087bc418f59aebad8d72ab) Importer(2089858483,192608db42251d675da83286b1cce702)
Start importing Assets/Images/Stage/UI/Energy_bar1.bmp using Guid(e8deb6f5cb087bc418f59aebad8d72ab) Importer(2089858483,192608db42251d675da83286b1cce702) (ScriptedImporter) -> (artifact id: 'bf00846e6b1fb558367cac035b6afa1d') in 0.035267 seconds
Number of updated asset objects reloaded before import = 0Number of asset objects unloaded after import = 3

========================================================================
Received Import Request.
  Time since last request: 0.000033 seconds.
  path: Assets/Images/Stage/UI/Energy_bar3.bmp
  artifactKey: Guid(92c23bf16a75d914aae2228dc98c3381) Importer(2089858483,192608db42251d675da83286b1cce702)
Start importing Assets/Images/Stage/UI/Energy_bar3.bmp using Guid(92c23bf16a75d914aae2228dc98c3381) Importer(2089858483,192608db42251d675da83286b1cce702) (ScriptedImporter) -> (artifact id: 'ccbc930e0ce5983f7acac3258f9edd0f') in 0.0321075 seconds
Number of updated asset objects reloaded before import = 0Number of asset objects unloaded after import = 3

========================================================================
Received Import Request.
  Time since last request: 0.000060 seconds.
  path: Assets/Images/Stage/Bullet/Helper_Bullet.bmp
  artifactKey: Guid(70c6d180f034e184ca6aed7e32acbee8) Importer(2089858483,192608db42251d675da83286b1cce702)
Start importing Assets/Images/Stage/Bullet/Helper_Bullet.bmp using Guid(70c6d180f034e184ca6aed7e32acbee8) Importer(2089858483,192608db42251d675da83286b1cce702) (ScriptedImporter) -> (artifact id: '600e4ac9bae3bf2d482aaa3780a5e51f') in 0.0450133 seconds
Number of updated asset objects reloaded before import = 0Number of asset objects unloaded after import = 3

========================================================================
Received Import Request.
  Time since last request: 0.000057 seconds.
  path: Assets/Images/Stage/Monster/BossBoat_Posin6.bmp
  artifactKey: Guid(49841122a9e275646a5033746d2bc6b7) Importer(2089858483,192608db42251d675da83286b1cce702)
Start importing Assets/Images/Stage/Monster/BossBoat_Posin6.bmp using Guid(49841122a9e275646a5033746d2bc6b7) Importer(2089858483,192608db42251d675da83286b1cce702) (ScriptedImporter) -> (artifact id: 'a9a43a4883a260868c6badeb2b2c9e4e') in 0.0318462 seconds
Number of updated asset objects reloaded before import = 0Number of asset objects unloaded after import = 3

========================================================================
Received Import Request.
  Time since last request: 0.000047 seconds.
  path: Assets/Images/Stage/Player/Player_up.bmp
  artifactKey: Guid(8993a91bff8647a4c9076d7901ec7c9d) Importer(2089858483,192608db42251d675da83286b1cce702)
Start importing Assets/Images/Stage/Player/Player_up.bmp using Guid(8993a91bff8647a4c9076d7901ec7c9d) Importer(2089858483,192608db42251d675da83286b1cce702) (ScriptedImporter) -> (artifact id: 'f967a44a5659b1a872d9e3af488a1653') in 0.0347042 seconds
Number of updated asset objects reloaded before import = 0Number of asset objects unloaded after import = 3

========================================================================
Received Import Request.
  Time since last request: 0.000043 seconds.
  path: Assets/Images/Stage/Item/Item_Bomb.bmp
  artifactKey: Guid(e8a274702822d9448aebc37aab734f16) Importer(2089858483,192608db42251d675da83286b1cce702)
Start importing Assets/Images/Stage/Item/Item_Bomb.bmp using Guid(e8a274702822d9448aebc37aab734f16) Importer(2089858483,192608db42251d675da83286b1cce702) (ScriptedImporter) -> (artifact id: '55a52babf3b4dd5e45078dceca306c88') in 0.0350511 seconds
Number of updated asset objects reloaded before import = 0Number of asset objects unloaded after import = 3

========================================================================
Received Import Request.
  Time since last request: 0.000070 seconds.
  path: Assets/Images/Stage/Bullet/Bullet_Mob_A.bmp
  artifactKey: Guid(aceed46a583c3c04284d2c7cb7933e3d) Importer(2089858483,192608db42251d675da83286b1cce702)
Start importing Assets/Images/Stage/Bullet/Bullet_Mob_A.bmp using Guid(aceed46a583c3c04284d2c7cb7933e3d) Importer(2089858483,192608db42251d675da83286b1cce702) (ScriptedImporter) -> (artifact id: 'bd27e3c2dccc091cc989058c1c9eee12') in 0.0369413 seconds
Number of updated asset objects reloaded before import = 0Number of asset objects unloaded after import = 3

========================================================================
Received Import Request.
  Time since last request: 0.000022 seconds.
  path: Assets/Images/Stage/Bomb/Bomb_Bullet4 - 복사본.bmp
  artifactKey: Guid(4e47af342cb362c48984c2dd5433ff6d) Importer(2089858483,192608db42251d675da83286b1cce702)
Start importing Assets/Images/Stage/Bomb/Bomb_Bullet4 - 복사본.bmp using Guid(4e47af342cb362c48984c2dd5433ff6d) Importer(2089858483,192608db42251d675da83286b1cce702) (ScriptedImporter) -> (artifact id: '8bcbf196f71d2161bfcf1f81d5729dfa') in 0.0335239 seconds
Number of updated asset objects reloaded before import = 0Number of asset objects unloaded after import = 3

========================================================================
Received Import Request.
  Time since last request: 0.000031 seconds.
  path: Assets/Images/Stage/Bullet/Guide_Bullet.bmp
  artifactKey: Guid(99ae01013688d63448d5e5fa50c03462) Importer(2089858483,192608db42251d675da83286b1cce702)
Start importing Assets/Images/Stage/Bullet/Guide_Bullet.bmp using Guid(99ae01013688d63448d5e5fa50c03462) Importer(2089858483,192608db42251d675da83286b1cce702) (ScriptedImporter) -> (artifact id: 'c32791b509d2bab9cc0d9ee1ec4b9c16') in 0.0330211 seconds
Number of updated asset objects reloaded before import = 0Number of asset objects unloaded after import = 3

========================================================================
Received Import Request.
  Time since last request: 0.000022 seconds.
  path: Assets/Images/Stage/Monster/fish.bmp
  artifactKey: Guid(12dce6af5b5fcba4294675b3e8fb3471) Importer(2089858483,192608db42251d675da83286b1cce702)
Start importing Assets/Images/Stage/Monster/fish.bmp using Guid(12dce6af5b5fcba4294675b3e8fb3471) Importer(2089858483,192608db42251d675da83286b1cce702) (ScriptedImporter) -> (artifact id: '1d8f14728909d1b777aa2e4d86fac179') in 0.0305548 seconds
Number of updated asset objects reloaded before import = 0Number of asset objects unloaded after import = 3

========================================================================
Received Import Request.
  Time since last request: 0.000048 seconds.
  path: Assets/Images/Stage/Monster/Boat_Body.bmp
  artifactKey: Guid(c3df78eaeef1c4c4fb729117bc93d1b9) Importer(2089858483,192608db42251d675da83286b1cce702)
Start importing Assets/Images/Stage/Monster/Boat_Body.bmp using Guid(c3df78eaeef1c4c4fb729117bc93d1b9) Importer(2089858483,192608db42251d675da83286b1cce702) (ScriptedImporter) -> (artifact id: 'a01cdb88ad3a86dcbd3566e00e79b74b') in 0.0319128 seconds
Number of updated asset objects reloaded before import = 0Number of asset objects unloaded after import = 3

========================================================================
Received Import Request.
  Time since last request: 0.000023 seconds.
  path: Assets/Images/Stage/Monster/Monster_6_left.bmp
  artifactKey: Guid(fdf5f2c41f299cc42a471177a13c7c84) Importer(2089858483,192608db42251d675da83286b1cce702)
Start importing Assets/Images/Stage/Monster/Monster_6_left.bmp using Guid(fdf5f2c41f299cc42a471177a13c7c84) Importer(2089858483,192608db42251d675da83286b1cce702) (ScriptedImporter) -> (artifact id: '76316801bb7696b074d876c958143738') in 0.0385437 seconds
Number of updated asset objects reloaded before import = 0Number of asset objects unloaded after import = 3

========================================================================
Received Import Request.
  Time since last request: 0.000069 seconds.
  path: Assets/Images/Stage/Bullet/Player_Bullet.bmp
  artifactKey: Guid(b36bcc6ad22f42649883be55bc18c49c) Importer(2089858483,192608db42251d675da83286b1cce702)
Start importing Assets/Images/Stage/Bullet/Player_Bullet.bmp using Guid(b36bcc6ad22f42649883be55bc18c49c) Importer(2089858483,192608db42251d675da83286b1cce702) (ScriptedImporter) -> (artifact id: 'dbf4fc8a6395384bec233b3ee0f047d2') in 0.0426317 seconds
Number of updated asset objects reloaded before import = 0Number of asset objects unloaded after import = 3

========================================================================
Received Import Request.
  Time since last request: 0.000046 seconds.
  path: Assets/Images/Stage/Item/Item_Power.anim
  artifactKey: Guid(49de2c270f9b176449f60c2fef895526) Importer(2089858483,192608db42251d675da83286b1cce702)
Start importing Assets/Images/Stage/Item/Item_Power.anim using Guid(49de2c270f9b176449f60c2fef895526) Importer(2089858483,192608db42251d675da83286b1cce702) (ScriptedImporter) -> (artifact id: '8a8c520579f0c39c6353a88c706a8291') in 0.0199618 seconds
Number of updated asset objects reloaded before import = 0Number of asset objects unloaded after import = 1

========================================================================
Received Import Request.
  Time since last request: 0.000136 seconds.
  path: Assets/Images/Stage/Monster/Boat_Delete.bmp
  artifactKey: Guid(edd8cc79455dabd46aa221bc8d383ed1) Importer(2089858483,192608db42251d675da83286b1cce702)
Start importing Assets/Images/Stage/Monster/Boat_Delete.bmp using Guid(edd8cc79455dabd46aa221bc8d383ed1) Importer(2089858483,192608db42251d675da83286b1cce702) (ScriptedImporter) -> (artifact id: '0438e368b2ba915f35b4cd2a3f4a5df6') in 0.0341219 seconds
Number of updated asset objects reloaded before import = 0Number of asset objects unloaded after import = 3

========================================================================
Received Import Request.
  Time since last request: 0.000022 seconds.
  path: Assets/Images/Stage/Bullet/lazer_body.bmp
  artifactKey: Guid(d1ff278280354534390e507b17543173) Importer(2089858483,192608db42251d675da83286b1cce702)
Start importing Assets/Images/Stage/Bullet/lazer_body.bmp using Guid(d1ff278280354534390e507b17543173) Importer(2089858483,192608db42251d675da83286b1cce702) (ScriptedImporter) -> (artifact id: '7abc96db5ba21538d03d775a2cb3371e') in 0.0451006 seconds
Number of updated asset objects reloaded before import = 0Number of asset objects unloaded after import = 3

========================================================================
Received Import Request.
  Time since last request: 0.000037 seconds.
  path: Assets/Images/Stage/Bullet/Bullet_Explo.bmp
  artifactKey: Guid(a24995f63e1a22a4ea5f31cd1e718900) Importer(2089858483,192608db42251d675da83286b1cce702)
Start importing Assets/Images/Stage/Bullet/Bullet_Explo.bmp using Guid(a24995f63e1a22a4ea5f31cd1e718900) Importer(2089858483,192608db42251d675da83286b1cce702) (ScriptedImporter) -> (artifact id: '6c7afe0ec68fed44d7c1d0f3950f4c11') in 0.0338092 seconds
Number of updated asset objects reloaded before import = 0Number of asset objects unloaded after import = 3

========================================================================
Received Import Request.
  Time since last request: 0.000044 seconds.
  path: Assets/Images/Stage/Bullet/Player_Bullet_Screw.bmp
  artifactKey: Guid(41ff814c7ce03c04392683d18c0ced3f) Importer(2089858483,192608db42251d675da83286b1cce702)
Start importing Assets/Images/Stage/Bullet/Player_Bullet_Screw.bmp using Guid(41ff814c7ce03c04392683d18c0ced3f) Importer(2089858483,192608db42251d675da83286b1cce702) (ScriptedImporter) -> (artifact id: 'e8c8f40c3e350c6a45007e6dd9f48f01') in 0.1697196 seconds
Number of updated asset objects reloaded before import = 0Number of asset objects unloaded after import = 3

========================================================================
Received Import Request.
  Time since last request: 0.000052 seconds.
  path: Assets/Images/Stage/UI/Energy - 복사본.bmp
  artifactKey: Guid(aaea313cebe649745bbf681542282303) Importer(2089858483,192608db42251d675da83286b1cce702)
Start importing Assets/Images/Stage/UI/Energy - 복사본.bmp using Guid(aaea313cebe649745bbf681542282303) Importer(2089858483,192608db42251d675da83286b1cce702) (ScriptedImporter) -> (artifact id: '0e37c986dcbf5a82deb5848ca8369881') in 0.0525184 seconds
Number of updated asset objects reloaded before import = 0Number of asset objects unloaded after import = 3

========================================================================
Received Import Request.
  Time since last request: 0.000075 seconds.
  path: Assets/Images/Stage/Monster/air_Monster9.BMP
  artifactKey: Guid(957b6df198a80444f8fa4822599e7988) Importer(2089858483,192608db42251d675da83286b1cce702)
Start importing Assets/Images/Stage/Monster/air_Monster9.BMP using Guid(957b6df198a80444f8fa4822599e7988) Importer(2089858483,192608db42251d675da83286b1cce702) (ScriptedImporter) -> (artifact id: '09537aa88b4d8293af34c82c603e6dd3') in 0.0275087 seconds
Number of updated asset objects reloaded before import = 0Number of asset objects unloaded after import = 3

========================================================================
Received Import Request.
  Time since last request: 0.000018 seconds.
  path: Assets/Images/Stage/Bullet/Stage2_Bullet.bmp
  artifactKey: Guid(44e509d780d58fe429f3a3d997ba9afa) Importer(2089858483,192608db42251d675da83286b1cce702)
Start importing Assets/Images/Stage/Bullet/Stage2_Bullet.bmp using Guid(44e509d780d58fe429f3a3d997ba9afa) Importer(2089858483,192608db42251d675da83286b1cce702) (ScriptedImporter) -> (artifact id: '949eba6c64836fee7f244b2eab0ff6be') in 0.0913824 seconds
Number of updated asset objects reloaded before import = 0Number of asset objects unloaded after import = 3

========================================================================
Received Import Request.
  Time since last request: 0.000057 seconds.
  path: Assets/Images/Stage/Bullet/BojoBullet.bmp
  artifactKey: Guid(c072cb98db007274e84393786e5c3af5) Importer(2089858483,192608db42251d675da83286b1cce702)
Start importing Assets/Images/Stage/Bullet/BojoBullet.bmp using Guid(c072cb98db007274e84393786e5c3af5) Importer(2089858483,192608db42251d675da83286b1cce702) (ScriptedImporter) -> (artifact id: 'a255074071160df23e1d6a24fbc7da73') in 0.0295999 seconds
Number of updated asset objects reloaded before import = 0Number of asset objects unloaded after import = 3

========================================================================
Received Import Request.
  Time since last request: 0.000097 seconds.
  path: Assets/Images/Stage/logo/logo.bmp
  artifactKey: Guid(602babcf93bfe914883e211ddbed0c4f) Importer(2089858483,192608db42251d675da83286b1cce702)
Start importing Assets/Images/Stage/logo/logo.bmp using Guid(602babcf93bfe914883e211ddbed0c4f) Importer(2089858483,192608db42251d675da83286b1cce702) (ScriptedImporter) -> (artifact id: '9231057f8c675b19b6d6609188e3df6b') in 0.1190061 seconds
Number of updated asset objects reloaded before import = 0Number of asset objects unloaded after import = 3

========================================================================
Received Import Request.
  Time since last request: 0.000062 seconds.
  path: Assets/Images/Stage/Bullet/MGuide_Bullet.bmp
  artifactKey: Guid(844bc064af3b9844ebb74a532f55e72a) Importer(2089858483,192608db42251d675da83286b1cce702)
Start importing Assets/Images/Stage/Bullet/MGuide_Bullet.bmp using Guid(844bc064af3b9844ebb74a532f55e72a) Importer(2089858483,192608db42251d675da83286b1cce702) (ScriptedImporter) -> (artifact id: '74e39ee18cc7dbc47e48b10dcee88f4f') in 0.0433428 seconds
Number of updated asset objects reloaded before import = 0Number of asset objects unloaded after import = 3

========================================================================
Received Import Request.
  Time since last request: 0.000081 seconds.
  path: Assets/Images/Stage/Monster/Monster_5.png
  artifactKey: Guid(7fda63c838ac12540b6b95cf6e324958) Importer(2089858483,192608db42251d675da83286b1cce702)
Start importing Assets/Images/Stage/Monster/Monster_5.png using Guid(7fda63c838ac12540b6b95cf6e324958) Importer(2089858483,192608db42251d675da83286b1cce702) (ScriptedImporter) -> (artifact id: '8014d545911a1e3442d130c995813d45') in 0.0335414 seconds
Number of updated asset objects reloaded before import = 0Number of asset objects unloaded after import = 5

========================================================================
Received Import Request.
  Time since last request: 0.000039 seconds.
  path: Assets/Images/Stage/UI/Credit.bmp
  artifactKey: Guid(1a03e0e4ff6895b4184e7f22e4ba4023) Importer(2089858483,192608db42251d675da83286b1cce702)
Start importing Assets/Images/Stage/UI/Credit.bmp using Guid(1a03e0e4ff6895b4184e7f22e4ba4023) Importer(2089858483,192608db42251d675da83286b1cce702) (ScriptedImporter) -> (artifact id: 'c244ba88abfa1707ec7876bb23cf5856') in 0.0574489 seconds
Number of updated asset objects reloaded before import = 0Number of asset objects unloaded after import = 3

========================================================================
Received Import Request.
  Time since last request: 0.000135 seconds.
  path: Assets/Images/Stage/Bullet/LMBullet_Straight.bmp
  artifactKey: Guid(6e3a1cb964c5af447b0b49d3ee4da6c7) Importer(2089858483,192608db42251d675da83286b1cce702)
Start importing Assets/Images/Stage/Bullet/LMBullet_Straight.bmp using Guid(6e3a1cb964c5af447b0b49d3ee4da6c7) Importer(2089858483,192608db42251d675da83286b1cce702) (ScriptedImporter) -> (artifact id: 'ccf6380f9dc6e8fd3bfedf43ec98cc24') in 0.0537217 seconds
Number of updated asset objects reloaded before import = 0Number of asset objects unloaded after import = 3

========================================================================
Received Import Request.
  Time since last request: 0.000055 seconds.
  path: Assets/Images/Stage/Monster/Boss_left2.bmp
  artifactKey: Guid(f0c53d4943da63947969e6a996fbda6d) Importer(2089858483,192608db42251d675da83286b1cce702)
Start importing Assets/Images/Stage/Monster/Boss_left2.bmp using Guid(f0c53d4943da63947969e6a996fbda6d) Importer(2089858483,192608db42251d675da83286b1cce702) (ScriptedImporter) -> (artifact id: '1838663283d858e0d81e532a78ccd1b0') in 0.0309298 seconds
Number of updated asset objects reloaded before import = 0Number of asset objects unloaded after import = 3

========================================================================
Received Import Request.
  Time since last request: 0.000025 seconds.
  path: Assets/Images/Stage/Player/Helper.bmp
  artifactKey: Guid(92cf2ba0f396edd4b8d1c3eaac656b34) Importer(2089858483,192608db42251d675da83286b1cce702)
Start importing Assets/Images/Stage/Player/Helper.bmp using Guid(92cf2ba0f396edd4b8d1c3eaac656b34) Importer(2089858483,192608db42251d675da83286b1cce702) (ScriptedImporter) -> (artifact id: 'c2a743d02d4c78df5df3ac8f60682185') in 0.0308387 seconds
Number of updated asset objects reloaded before import = 0Number of asset objects unloaded after import = 3

========================================================================
Received Import Request.
  Time since last request: 0.000062 seconds.
  path: Assets/Images/Stage/Player/Player_left.bmp
  artifactKey: Guid(72a5cabfa4eb2ae4a8080cbe8b945fdd) Importer(2089858483,192608db42251d675da83286b1cce702)
Start importing Assets/Images/Stage/Player/Player_left.bmp using Guid(72a5cabfa4eb2ae4a8080cbe8b945fdd) Importer(2089858483,192608db42251d675da83286b1cce702) (ScriptedImporter) -> (artifact id: '4798718d3ae0cc9aa94b70144228c501') in 0.0303549 seconds
Number of updated asset objects reloaded before import = 0Number of asset objects unloaded after import = 3

========================================================================
Received Import Request.
  Time since last request: 0.000025 seconds.
  path: Assets/Images/Stage/Monster/BossBoat_Posin8.bmp
  artifactKey: Guid(7d0bc2cdf324373488e6f847b37d3981) Importer(2089858483,192608db42251d675da83286b1cce702)
Start importing Assets/Images/Stage/Monster/BossBoat_Posin8.bmp using Guid(7d0bc2cdf324373488e6f847b37d3981) Importer(2089858483,192608db42251d675da83286b1cce702) (ScriptedImporter) -> (artifact id: 'b70199d25de80a8f3d38468ecdf5305b') in 0.0311273 seconds
Number of updated asset objects reloaded before import = 0Number of asset objects unloaded after import = 3

========================================================================
Received Import Request.
  Time since last request: 0.000157 seconds.
  path: Assets/Images/Stage/Monster/BigAirPlan - 복사본.bmp
  artifactKey: Guid(571998f9275c84f4cada6ded8b4deb9c) Importer(2089858483,192608db42251d675da83286b1cce702)
Start importing Assets/Images/Stage/Monster/BigAirPlan - 복사본.bmp using Guid(571998f9275c84f4cada6ded8b4deb9c) Importer(2089858483,192608db42251d675da83286b1cce702) (ScriptedImporter) -> (artifact id: 'e0b3e6c6ffeb87c44edeca9320a2cc1e') in 0.0393151 seconds
Number of updated asset objects reloaded before import = 0Number of asset objects unloaded after import = 3

========================================================================
Received Import Request.
  Time since last request: 0.000045 seconds.
  path: Assets/Images/Stage/Monster/air_Monster6.BMP
  artifactKey: Guid(1a974ba01a6088341a64a49aba57850a) Importer(2089858483,192608db42251d675da83286b1cce702)
Start importing Assets/Images/Stage/Monster/air_Monster6.BMP using Guid(1a974ba01a6088341a64a49aba57850a) Importer(2089858483,192608db42251d675da83286b1cce702) (ScriptedImporter) -> (artifact id: '931a9699ce6ccf18ced94781771383e7') in 0.0337895 seconds
Number of updated asset objects reloaded before import = 0Number of asset objects unloaded after import = 3

========================================================================
Received Import Request.
  Time since last request: 0.000042 seconds.
  path: Assets/Images/Stage/Bullet/Stage2_Bullet - 복사본.bmp
  artifactKey: Guid(e73f330a9de731a4aabc07874f091d2e) Importer(2089858483,192608db42251d675da83286b1cce702)
Start importing Assets/Images/Stage/Bullet/Stage2_Bullet - 복사본.bmp using Guid(e73f330a9de731a4aabc07874f091d2e) Importer(2089858483,192608db42251d675da83286b1cce702) (ScriptedImporter) -> (artifact id: '6e6e917ab11a1c644710ae3a9c65eaa8') in 0.0400304 seconds
Number of updated asset objects reloaded before import = 0Number of asset objects unloaded after import = 3

========================================================================
Received Import Request.
  Time since last request: 0.000036 seconds.
  path: Assets/Images/Stage/Bullet/LMBullet_Foward.bmp
  artifactKey: Guid(af9ac8e17644b384d8f68b95dae3142b) Importer(2089858483,192608db42251d675da83286b1cce702)
Start importing Assets/Images/Stage/Bullet/LMBullet_Foward.bmp using Guid(af9ac8e17644b384d8f68b95dae3142b) Importer(2089858483,192608db42251d675da83286b1cce702) (ScriptedImporter) -> (artifact id: '5a2e52355b8e4bcc0ae8d6a2e688250d') in 0.0414931 seconds
Number of updated asset objects reloaded before import = 0Number of asset objects unloaded after import = 3

========================================================================
Received Import Request.
  Time since last request: 0.000020 seconds.
  path: Assets/Images/Stage/Bullet/MBasic_Bullet.bmp
  artifactKey: Guid(f2596782c409e4d46a01226f091febdb) Importer(2089858483,192608db42251d675da83286b1cce702)
Start importing Assets/Images/Stage/Bullet/MBasic_Bullet.bmp using Guid(f2596782c409e4d46a01226f091febdb) Importer(2089858483,192608db42251d675da83286b1cce702) (ScriptedImporter) -> (artifact id: '2c4611a9023c753fd58b93e635c02740') in 0.0480843 seconds
Number of updated asset objects reloaded before import = 0Number of asset objects unloaded after import = 3

========================================================================
Received Prepare
Begin MonoManager ReloadAssembly
- Loaded All Assemblies, in  1.037 seconds
Refreshing native plugins compatible for Editor in 3.48 ms, found 4 plugins.
Native extension for Android target not found
Native extension for WindowsStandalone target not found
Mono: successfully reloaded assembly
- Finished resetting the current domain, in  1.384 seconds
Domain Reload Profiling: 2414ms
	BeginReloadAssembly (331ms)
		ExecutionOrderSort (0ms)
		DisableScriptedObjects (19ms)
		BackupInstance (0ms)
		ReleaseScriptingObjects (0ms)
		CreateAndSetChildDomain (63ms)
	RebuildCommonClasses (51ms)
	RebuildNativeTypeToScriptingClass (15ms)
	initialDomainReloadingComplete (48ms)
	LoadAllAssembliesAndSetupDomain (583ms)
		LoadAssemblies (578ms)
		RebuildTransferFunctionScriptingTraits (0ms)
		AnalyzeDomain (201ms)
			TypeCache.Refresh (8ms)
				TypeCache.ScanAssembly (0ms)
			BuildScriptInfoCaches (182ms)
			ResolveRequiredComponents (6ms)
	FinalizeReload (1385ms)
		ReleaseScriptCaches (0ms)
		RebuildScriptCaches (0ms)
		SetupLoadedEditorAssemblies (1152ms)
			LogAssemblyErrors (0ms)
			InitializePlatformSupportModulesInManaged (42ms)
			SetLoadedEditorAssemblies (13ms)
			BeforeProcessingInitializeOnLoad (347ms)
			ProcessInitializeOnLoadAttributes (660ms)
			ProcessInitializeOnLoadMethodAttributes (66ms)
			AfterProcessingInitializeOnLoad (23ms)
			EditorAssembliesLoaded (0ms)
		ExecutionOrderSort2 (0ms)
		AwakeInstancesAfterBackupRestoration (22ms)
Refreshing native plugins compatible for Editor in 3.66 ms, found 4 plugins.
Preloading 0 native plugins for Editor in 0.00 ms.
Unloading 7 Unused Serialized files (Serialized files now loaded: 0)
Unloading 4734 unused Assets / (1.9 MB). Loaded Objects now: 5228.
Memory consumption went from 99.8 MB to 97.9 MB.
Total: 10.241000 ms (FindLiveObjects: 0.960100 ms CreateObjectMapping: 0.938100 ms MarkObjects: 6.697300 ms  DeleteObjects: 1.644000 ms)

Prepare: number of updated asset objects reloaded= 0
========================================================================
Received Prepare
Begin MonoManager ReloadAssembly
- Loaded All Assemblies, in  1.045 seconds
Refreshing native plugins compatible for Editor in 3.98 ms, found 4 plugins.
Native extension for Android target not found
Native extension for WindowsStandalone target not found
Mono: successfully reloaded assembly
- Finished resetting the current domain, in  1.100 seconds
Domain Reload Profiling: 2136ms
	BeginReloadAssembly (315ms)
		ExecutionOrderSort (0ms)
		DisableScriptedObjects (16ms)
		BackupInstance (0ms)
		ReleaseScriptingObjects (0ms)
		CreateAndSetChildDomain (55ms)
	RebuildCommonClasses (50ms)
	RebuildNativeTypeToScriptingClass (13ms)
	initialDomainReloadingComplete (54ms)
	LoadAllAssembliesAndSetupDomain (604ms)
		LoadAssemblies (587ms)
		RebuildTransferFunctionScriptingTraits (0ms)
		AnalyzeDomain (204ms)
			TypeCache.Refresh (8ms)
				TypeCache.ScanAssembly (0ms)
			BuildScriptInfoCaches (184ms)
			ResolveRequiredComponents (7ms)
	FinalizeReload (1101ms)
		ReleaseScriptCaches (0ms)
		RebuildScriptCaches (0ms)
		SetupLoadedEditorAssemblies (863ms)
			LogAssemblyErrors (0ms)
			InitializePlatformSupportModulesInManaged (24ms)
			SetLoadedEditorAssemblies (12ms)
			BeforeProcessingInitializeOnLoad (267ms)
			ProcessInitializeOnLoadAttributes (477ms)
			ProcessInitializeOnLoadMethodAttributes (57ms)
			AfterProcessingInitializeOnLoad (26ms)
			EditorAssembliesLoaded (0ms)
		ExecutionOrderSort2 (0ms)
		AwakeInstancesAfterBackupRestoration (25ms)
Refreshing native plugins compatible for Editor in 4.15 ms, found 4 plugins.
Preloading 0 native plugins for Editor in 0.00 ms.
Unloading 7 Unused Serialized files (Serialized files now loaded: 0)
Unloading 4733 unused Assets / (2.0 MB). Loaded Objects now: 5230.
Memory consumption went from 99.8 MB to 97.7 MB.
Total: 12.804700 ms (FindLiveObjects: 0.663100 ms CreateObjectMapping: 0.921800 ms MarkObjects: 8.519900 ms  DeleteObjects: 2.698600 ms)

Prepare: number of updated asset objects reloaded= 0
